<?xml version="1.0" encoding="UTF-8" ?>
<testsuite tests="2" failures="0" name="top.liuweiqi.AppTest" time="1.214" errors="1" skipped="0">
  <properties>
[...]
</properties>
  <testcase classname="top.liuweiqi.AppTest" name="test03" time="1.031">
    <error message="
### Error updating database.  Cause: com.mysql.jdbc.exceptions.jdbc4.MySQLIntegrityConstraintViolationException: Duplicate entry &apos;1986985788aaa&apos; for key &apos;uniq_s_name&apos;
### The error may involve defaultParameterMap
### The error occurred while setting parameters
### SQL: INSERT INTO student (s_name, s_nickname, s_pwd, s_email, s_create_date, s_update_date, s_birth)             VALUES (?, ?, ?, ?, ?, ?, ?)
### Cause: com.mysql.jdbc.exceptions.jdbc4.MySQLIntegrityConstraintViolationException: Duplicate entry &apos;1986985788aaa&apos; for key &apos;uniq_s_name&apos;" type="org.apache.ibatis.exceptions.PersistenceException">org.apache.ibatis.exceptions.PersistenceException: 
### Error updating database.  Cause: com.mysql.jdbc.exceptions.jdbc4.MySQLIntegrityConstraintViolationException: Duplicate entry &apos;1986985788aaa&apos; for key &apos;uniq_s_name&apos;
### The error may involve defaultParameterMap
### The error occurred while setting parameters
### SQL: INSERT INTO student (s_name, s_nickname, s_pwd, s_email, s_create_date, s_update_date, s_birth)             VALUES (?, ?, ?, ?, ?, ?, ?)
### Cause: com.mysql.jdbc.exceptions.jdbc4.MySQLIntegrityConstraintViolationException: Duplicate entry &apos;1986985788aaa&apos; for key &apos;uniq_s_name&apos;
	at org.apache.ibatis.exceptions.ExceptionFactory.wrapException(ExceptionFactory.java:30)
	at org.apache.ibatis.session.defaults.DefaultSqlSession.update(DefaultSqlSession.java:172)
	at org.apache.ibatis.session.defaults.DefaultSqlSession.insert(DefaultSqlSession.java:157)
	at org.apache.ibatis.binding.MapperMethod.execute(MapperMethod.java:52)
	at org.apache.ibatis.binding.MapperProxy.invoke(MapperProxy.java:53)
	at com.sun.proxy.$Proxy7.addStudent(Unknown Source)
	at top.liuweiqi.AppTest.test03(AppTest.java:73)
	at sun.reflect.NativeMethodAccessorImpl.invoke0(Native Method)
	at sun.reflect.NativeMethodAccessorImpl.invoke(NativeMethodAccessorImpl.java:62)
	at sun.reflect.DelegatingMethodAccessorImpl.invoke(DelegatingMethodAccessorImpl.java:43)
	at java.lang.reflect.Method.invoke(Method.java:498)
	at org.junit.runners.model.FrameworkMethod$1.runReflectiveCall(FrameworkMethod.java:47)
	at org.junit.internal.runners.model.ReflectiveCallable.run(ReflectiveCallable.java:12)
	at org.junit.runners.model.FrameworkMethod.invokeExplosively(FrameworkMethod.java:44)
	at org.junit.internal.runners.statements.InvokeMethod.evaluate(InvokeMethod.java:17)
	at org.junit.internal.runners.statements.RunBefores.evaluate(RunBefores.java:26)
	at org.junit.internal.runners.statements.RunAfters.evaluate(RunAfters.java:27)
	at org.junit.runners.ParentRunner.runLeaf(ParentRunner.java:271)
	at org.junit.runners.BlockJUnit4ClassRunner.runChild(BlockJUnit4ClassRunner.java:70)
	at org.junit.runners.BlockJUnit4ClassRunner.runChild(BlockJUnit4ClassRunner.java:50)
	at org.junit.runners.ParentRunner$3.run(ParentRunner.java:238)
	at org.junit.runners.ParentRunner$1.schedule(ParentRunner.java:63)
	at org.junit.runners.ParentRunner.runChildren(ParentRunner.java:236)
	at org.junit.runners.ParentRunner.access$000(ParentRunner.java:53)
	at org.junit.runners.ParentRunner$2.evaluate(ParentRunner.java:229)
	at org.junit.runners.ParentRunner.run(ParentRunner.java:309)
	at org.apache.maven.surefire.junit4.JUnit4Provider.execute(JUnit4Provider.java:252)
	at org.apache.maven.surefire.junit4.JUnit4Provider.executeTestSet(JUnit4Provider.java:141)
	at org.apache.maven.surefire.junit4.JUnit4Provider.invoke(JUnit4Provider.java:112)
	at sun.reflect.NativeMethodAccessorImpl.invoke0(Native Method)
	at sun.reflect.NativeMethodAccessorImpl.invoke(NativeMethodAccessorImpl.java:62)
	at sun.reflect.DelegatingMethodAccessorImpl.invoke(DelegatingMethodAccessorImpl.java:43)
	at java.lang.reflect.Method.invoke(Method.java:498)
	at org.apache.maven.surefire.util.ReflectionUtils.invokeMethodWithArray(ReflectionUtils.java:189)
	at org.apache.maven.surefire.booter.ProviderFactory$ProviderProxy.invoke(ProviderFactory.java:165)
	at org.apache.maven.surefire.booter.ProviderFactory.invokeProvider(ProviderFactory.java:85)
	at org.apache.maven.surefire.booter.ForkedBooter.runSuitesInProcess(ForkedBooter.java:115)
	at org.apache.maven.surefire.booter.ForkedBooter.main(ForkedBooter.java:75)
Caused by: com.mysql.jdbc.exceptions.jdbc4.MySQLIntegrityConstraintViolationException: Duplicate entry &apos;1986985788aaa&apos; for key &apos;uniq_s_name&apos;
	at sun.reflect.NativeConstructorAccessorImpl.newInstance0(Native Method)
	at sun.reflect.NativeConstructorAccessorImpl.newInstance(NativeConstructorAccessorImpl.java:62)
	at sun.reflect.DelegatingConstructorAccessorImpl.newInstance(DelegatingConstructorAccessorImpl.java:45)
	at java.lang.reflect.Constructor.newInstance(Constructor.java:423)
	at com.mysql.jdbc.Util.handleNewInstance(Util.java:389)
	at com.mysql.jdbc.Util.getInstance(Util.java:372)
	at com.mysql.jdbc.SQLError.createSQLException(SQLError.java:973)
	at com.mysql.jdbc.MysqlIO.checkErrorPacket(MysqlIO.java:3835)
	at com.mysql.jdbc.MysqlIO.checkErrorPacket(MysqlIO.java:3771)
	at com.mysql.jdbc.MysqlIO.sendCommand(MysqlIO.java:2435)
	at com.mysql.jdbc.MysqlIO.sqlQueryDirect(MysqlIO.java:2582)
	at com.mysql.jdbc.ConnectionImpl.execSQL(ConnectionImpl.java:2535)
	at com.mysql.jdbc.PreparedStatement.executeInternal(PreparedStatement.java:1911)
	at com.mysql.jdbc.PreparedStatement.execute(PreparedStatement.java:1203)
	at sun.reflect.NativeMethodAccessorImpl.invoke0(Native Method)
	at sun.reflect.NativeMethodAccessorImpl.invoke(NativeMethodAccessorImpl.java:62)
	at sun.reflect.DelegatingMethodAccessorImpl.invoke(DelegatingMethodAccessorImpl.java:43)
	at java.lang.reflect.Method.invoke(Method.java:498)
	at org.apache.ibatis.logging.jdbc.PreparedStatementLogger.invoke(PreparedStatementLogger.java:59)
	at com.sun.proxy.$Proxy10.execute(Unknown Source)
	at org.apache.ibatis.executor.statement.PreparedStatementHandler.update(PreparedStatementHandler.java:45)
	at org.apache.ibatis.executor.statement.RoutingStatementHandler.update(RoutingStatementHandler.java:73)
	at org.apache.ibatis.executor.SimpleExecutor.doUpdate(SimpleExecutor.java:49)
	at org.apache.ibatis.executor.BaseExecutor.update(BaseExecutor.java:115)
	at org.apache.ibatis.executor.CachingExecutor.update(CachingExecutor.java:75)
	at sun.reflect.NativeMethodAccessorImpl.invoke0(Native Method)
	at sun.reflect.NativeMethodAccessorImpl.invoke(NativeMethodAccessorImpl.java:62)
	at sun.reflect.DelegatingMethodAccessorImpl.invoke(DelegatingMethodAccessorImpl.java:43)
	at java.lang.reflect.Method.invoke(Method.java:498)
	at org.apache.ibatis.plugin.Plugin.invoke(Plugin.java:63)
	at com.sun.proxy.$Proxy6.update(Unknown Source)
	at org.apache.ibatis.session.defaults.DefaultSqlSession.update(DefaultSqlSession.java:170)
	... 36 more
</error>
    <system-out>14:57:05,823 |-INFO in ch.qos.logback.classic.LoggerContext[default] - Could NOT find resource [logback.groovy]
14:57:05,823 |-INFO in ch.qos.logback.classic.LoggerContext[default] - Could NOT find resource [logback-test.xml]
14:57:05,823 |-INFO in ch.qos.logback.classic.LoggerContext[default] - Found resource [logback.xml] at [file:/Users/chris/Documents/project/javaEE_SSM/target/classes/logback.xml]
14:57:05,884 |-INFO in ch.qos.logback.core.joran.action.AppenderAction - About to instantiate appender of type [ch.qos.logback.core.ConsoleAppender]
14:57:05,887 |-INFO in ch.qos.logback.core.joran.action.AppenderAction - Naming appender as [STDOUT]
14:57:05,902 |-INFO in ch.qos.logback.core.joran.action.NestedComplexPropertyIA - Assuming default type [ch.qos.logback.classic.encoder.PatternLayoutEncoder] for [encoder] property
14:57:05,932 |-INFO in ch.qos.logback.classic.joran.action.RootLoggerAction - Setting level of ROOT logger to DEBUG
14:57:05,932 |-INFO in ch.qos.logback.core.joran.action.AppenderRefAction - Attaching appender named [STDOUT] to Logger[ROOT]
14:57:05,932 |-INFO in ch.qos.logback.classic.joran.action.ConfigurationAction - End of configuration.
14:57:05,933 |-INFO in ch.qos.logback.classic.joran.JoranConfigurator@72d818d1 - Registering current configuration as safe fallback point
14:57:05.937 [main] DEBUG org.apache.ibatis.logging.LogFactory - Logging initialized using &apos;class org.apache.ibatis.logging.slf4j.Slf4jImpl&apos; adapter.
14:57:06.039 [main] DEBUG o.a.i.d.pooled.PooledDataSource - PooledDataSource forcefully closed/removed all connections.
14:57:06.039 [main] DEBUG o.a.i.d.pooled.PooledDataSource - PooledDataSource forcefully closed/removed all connections.
14:57:06.039 [main] DEBUG o.a.i.d.pooled.PooledDataSource - PooledDataSource forcefully closed/removed all connections.
14:57:06.039 [main] DEBUG o.a.i.d.pooled.PooledDataSource - PooledDataSource forcefully closed/removed all connections.
14:57:06.043 [main] DEBUG org.apache.ibatis.io.ResolverUtil - Class not found: org.jboss.vfs.VFS
14:57:06.044 [main] DEBUG org.apache.ibatis.io.ResolverUtil - JBoss 6 VFS API is not available in this environment.
14:57:06.044 [main] DEBUG org.apache.ibatis.io.ResolverUtil - Class not found: org.jboss.vfs.VirtualFile
14:57:06.045 [main] DEBUG org.apache.ibatis.io.ResolverUtil - VFS implementation org.apache.ibatis.io.JBoss6VFS is not valid in this environment.
14:57:06.045 [main] DEBUG org.apache.ibatis.io.ResolverUtil - Using VFS adapter org.apache.ibatis.io.DefaultVFS
14:57:06.046 [main] DEBUG org.apache.ibatis.io.ResolverUtil - Find JAR URL: file:/Users/chris/Documents/project/javaEE_SSM/target/classes/com/sy/dao
14:57:06.046 [main] DEBUG org.apache.ibatis.io.ResolverUtil - Not a JAR: file:/Users/chris/Documents/project/javaEE_SSM/target/classes/com/sy/dao
14:57:06.092 [main] DEBUG org.apache.ibatis.io.ResolverUtil - Reader entry: AdminMapper.class
14:57:06.092 [main] DEBUG org.apache.ibatis.io.ResolverUtil - Reader entry: AdminMapper.xml
14:57:06.093 [main] DEBUG org.apache.ibatis.io.ResolverUtil - Reader entry: BaseMapper.class
14:57:06.093 [main] DEBUG org.apache.ibatis.io.ResolverUtil - Reader entry: ExamPaperAnswerMapper.class
14:57:06.093 [main] DEBUG org.apache.ibatis.io.ResolverUtil - Reader entry: ExamPaperAnswerMapper.xml
14:57:06.093 [main] DEBUG org.apache.ibatis.io.ResolverUtil - Reader entry: ExamPaperMapper.class
14:57:06.093 [main] DEBUG org.apache.ibatis.io.ResolverUtil - Reader entry: ExamPaperMapper.xml
14:57:06.094 [main] DEBUG org.apache.ibatis.io.ResolverUtil - Reader entry: ExamPaperQuestionCustomerAnswerMapper.class
14:57:06.094 [main] DEBUG org.apache.ibatis.io.ResolverUtil - Reader entry: ExamPaperQuestionCustomerAnswerMapper.xml
14:57:06.094 [main] DEBUG org.apache.ibatis.io.ResolverUtil - Reader entry: FileMapper.class
14:57:06.094 [main] DEBUG org.apache.ibatis.io.ResolverUtil - Reader entry: FileMapper.xml
14:57:06.094 [main] DEBUG org.apache.ibatis.io.ResolverUtil - Reader entry: MessageMapper.class
14:57:06.095 [main] DEBUG org.apache.ibatis.io.ResolverUtil - Reader entry: MessageMapper.xml
14:57:06.095 [main] DEBUG org.apache.ibatis.io.ResolverUtil - Reader entry: MessageUserMapper.class
14:57:06.095 [main] DEBUG org.apache.ibatis.io.ResolverUtil - Reader entry: MessageUserMapper.xml
14:57:06.095 [main] DEBUG org.apache.ibatis.io.ResolverUtil - Reader entry: OrganizationMapper.xml
14:57:06.095 [main] DEBUG org.apache.ibatis.io.ResolverUtil - Reader entry: QuestionMapper.class
14:57:06.096 [main] DEBUG org.apache.ibatis.io.ResolverUtil - Reader entry: QuestionMapper.xml
14:57:06.096 [main] DEBUG org.apache.ibatis.io.ResolverUtil - Reader entry: StudentMapper.class
14:57:06.096 [main] DEBUG org.apache.ibatis.io.ResolverUtil - Reader entry: StudentMapper.xml
14:57:06.096 [main] DEBUG org.apache.ibatis.io.ResolverUtil - Reader entry: SubjectMapper.class
14:57:06.096 [main] DEBUG org.apache.ibatis.io.ResolverUtil - Reader entry: SubjectMapper.xml
14:57:06.097 [main] DEBUG org.apache.ibatis.io.ResolverUtil - Reader entry: TaskExamCustomerAnswerMapper.class
14:57:06.097 [main] DEBUG org.apache.ibatis.io.ResolverUtil - Reader entry: TaskExamCustomerAnswerMapper.xml
14:57:06.097 [main] DEBUG org.apache.ibatis.io.ResolverUtil - Reader entry: TaskExamMapper.class
14:57:06.097 [main] DEBUG org.apache.ibatis.io.ResolverUtil - Reader entry: TaskExamMapper.xml
14:57:06.098 [main] DEBUG org.apache.ibatis.io.ResolverUtil - Reader entry: TeacherDao.xml
14:57:06.098 [main] DEBUG org.apache.ibatis.io.ResolverUtil - Reader entry: TeacherMapper.xml
14:57:06.098 [main] DEBUG org.apache.ibatis.io.ResolverUtil - Reader entry: TextContentMapper.class
14:57:06.098 [main] DEBUG org.apache.ibatis.io.ResolverUtil - Reader entry: TextContentMapper.xml
14:57:06.098 [main] DEBUG org.apache.ibatis.io.ResolverUtil - Reader entry: UserEventLogMapper.class
14:57:06.099 [main] DEBUG org.apache.ibatis.io.ResolverUtil - Reader entry: UserEventLogMapper.xml
14:57:06.099 [main] DEBUG org.apache.ibatis.io.ResolverUtil - Reader entry: UserMapper.class
14:57:06.099 [main] DEBUG org.apache.ibatis.io.ResolverUtil - Reader entry: UserMapper.xml
14:57:06.099 [main] DEBUG org.apache.ibatis.io.ResolverUtil - Reader entry: UserTokenMapper.class
14:57:06.099 [main] DEBUG org.apache.ibatis.io.ResolverUtil - Reader entry: UserTokenMapper.xml
14:57:06.100 [main] DEBUG org.apache.ibatis.io.ResolverUtil - Listing file:/Users/chris/Documents/project/javaEE_SSM/target/classes/com/sy/dao
14:57:06.100 [main] DEBUG org.apache.ibatis.io.ResolverUtil - Find JAR URL: file:/Users/chris/Documents/project/javaEE_SSM/target/classes/com/sy/dao/AdminMapper.class
14:57:06.100 [main] DEBUG org.apache.ibatis.io.ResolverUtil - Not a JAR: file:/Users/chris/Documents/project/javaEE_SSM/target/classes/com/sy/dao/AdminMapper.class
14:57:06.100 [main] DEBUG org.apache.ibatis.io.ResolverUtil - Reader entry: ����&amp;#0;&amp;#0;&amp;#0;4&amp;#0;	&amp;#7;&amp;#0;&amp;#7;&amp;#7;&amp;#0;&amp;#8;&amp;#1;&amp;#0;
14:57:06.101 [main] DEBUG org.apache.ibatis.io.ResolverUtil - Find JAR URL: file:/Users/chris/Documents/project/javaEE_SSM/target/classes/com/sy/dao/AdminMapper.xml
14:57:06.101 [main] DEBUG org.apache.ibatis.io.ResolverUtil - Not a JAR: file:/Users/chris/Documents/project/javaEE_SSM/target/classes/com/sy/dao/AdminMapper.xml
14:57:06.102 [main] DEBUG org.apache.ibatis.io.ResolverUtil - Reader entry: &lt;?xml version=&quot;1.0&quot; encoding=&quot;UTF-8&quot; ?&gt;
14:57:06.102 [main] DEBUG org.apache.ibatis.io.ResolverUtil - Find JAR URL: file:/Users/chris/Documents/project/javaEE_SSM/target/classes/com/sy/dao/BaseMapper.class
14:57:06.102 [main] DEBUG org.apache.ibatis.io.ResolverUtil - Not a JAR: file:/Users/chris/Documents/project/javaEE_SSM/target/classes/com/sy/dao/BaseMapper.class
14:57:06.102 [main] DEBUG org.apache.ibatis.io.ResolverUtil - Reader entry: ����&amp;#0;&amp;#0;&amp;#0;4&amp;#0;&amp;#20;&amp;#7;&amp;#0;&amp;#18;&amp;#7;&amp;#0;&amp;#19;&amp;#1;&amp;#0;&amp;#18;deleteByPrimaryKey&amp;#1;&amp;#0;&amp;#22;(Ljava/lang/Integer;)I&amp;#1;&amp;#0;&amp;#6;insert&amp;#1;&amp;#0;&amp;#21;(Ljava/lang/Object;)I&amp;#1;&amp;#0;	Signature&amp;#1;&amp;#0;&amp;#6;(TT;)I&amp;#1;&amp;#0;&amp;#15;insertSelective&amp;#1;&amp;#0;&amp;#18;selectByPrimaryKey&amp;#1;&amp;#0;&apos;(Ljava/lang/Integer;)Ljava/lang/Object;&amp;#1;&amp;#0;&amp;#24;(Ljava/lang/Integer;)TT;&amp;#1;&amp;#0;&amp;#27;updateByPrimaryKeySelective&amp;#1;&amp;#0;&amp;#18;updateByPrimaryKey&amp;#1;&amp;#0;(&lt;T:Ljava/lang/Object;&gt;Ljava/lang/Object;&amp;#1;&amp;#0;
14:57:06.104 [main] DEBUG org.apache.ibatis.io.ResolverUtil - Find JAR URL: file:/Users/chris/Documents/project/javaEE_SSM/target/classes/com/sy/dao/ExamPaperAnswerMapper.class
14:57:06.104 [main] DEBUG org.apache.ibatis.io.ResolverUtil - Not a JAR: file:/Users/chris/Documents/project/javaEE_SSM/target/classes/com/sy/dao/ExamPaperAnswerMapper.class
14:57:06.104 [main] DEBUG org.apache.ibatis.io.ResolverUtil - Reader entry: ����&amp;#0;&amp;#0;&amp;#0;4&amp;#0;&amp;#31;&amp;#7;&amp;#0;&amp;#28;&amp;#7;&amp;#0;&amp;#29;&amp;#7;&amp;#0;&amp;#30;&amp;#1;&amp;#0;&amp;#11;studentPage&amp;#1;&amp;#0;L(Lcom/sy/viewmodel/student/exampaper/ExamPaperAnswerPageVM;)Ljava/util/List;&amp;#1;&amp;#0;	Signature&amp;#1;&amp;#0;m(Lcom/sy/viewmodel/student/exampaper/ExamPaperAnswerPageVM;)Ljava/util/List&lt;Lcom/sy/entity/ExamPaperAnswer;&gt;;&amp;#1;&amp;#0;&amp;#14;selectAllCount&amp;#1;&amp;#0;&amp;#21;()Ljava/lang/Integer;&amp;#1;&amp;#0;&amp;#17;selectCountByDate&amp;#1;&amp;#0;2(Ljava/util/Date;Ljava/util/Date;)Ljava/util/List;&amp;#1;&amp;#0;R(Ljava/util/Date;Ljava/util/Date;)Ljava/util/List&lt;Lcom/sy/entity/other/KeyValue;&gt;;&amp;#1;&amp;#0;&quot;RuntimeVisibleParameterAnnotations&amp;#1;&amp;#0;%Lorg/apache/ibatis/annotations/Param;&amp;#1;&amp;#0;&amp;#5;value&amp;#1;&amp;#0;	startTime&amp;#1;&amp;#0;&amp;#7;endTime&amp;#1;&amp;#0;&amp;#11;getByPidUid&amp;#1;&amp;#0;G(Ljava/lang/Integer;Ljava/lang/Integer;)Lcom/sy/entity/ExamPaperAnswer;&amp;#1;&amp;#0;&amp;#3;pid&amp;#1;&amp;#0;&amp;#3;uid&amp;#1;&amp;#0;	adminPage&amp;#1;&amp;#0;M(Lcom/sy/viewmodel/admin/paper/ExamPaperAnswerPageRequestVM;)Ljava/util/List;&amp;#1;&amp;#0;n(Lcom/sy/viewmodel/admin/paper/ExamPaperAnswerPageRequestVM;)Ljava/util/List&lt;Lcom/sy/entity/ExamPaperAnswer;&gt;;&amp;#1;&amp;#0;JLjava/lang/Object;Lcom/sy/dao/BaseMapper&lt;Lcom/sy/entity/ExamPaperAnswer;&gt;;&amp;#1;&amp;#0;
14:57:06.106 [main] DEBUG org.apache.ibatis.io.ResolverUtil - Find JAR URL: file:/Users/chris/Documents/project/javaEE_SSM/target/classes/com/sy/dao/ExamPaperAnswerMapper.xml
14:57:06.107 [main] DEBUG org.apache.ibatis.io.ResolverUtil - Not a JAR: file:/Users/chris/Documents/project/javaEE_SSM/target/classes/com/sy/dao/ExamPaperAnswerMapper.xml
14:57:06.107 [main] DEBUG org.apache.ibatis.io.ResolverUtil - Reader entry: &lt;?xml version=&quot;1.0&quot; encoding=&quot;UTF-8&quot;?&gt;
14:57:06.108 [main] DEBUG org.apache.ibatis.io.ResolverUtil - Find JAR URL: file:/Users/chris/Documents/project/javaEE_SSM/target/classes/com/sy/dao/ExamPaperMapper.class
14:57:06.108 [main] DEBUG org.apache.ibatis.io.ResolverUtil - Not a JAR: file:/Users/chris/Documents/project/javaEE_SSM/target/classes/com/sy/dao/ExamPaperMapper.class
14:57:06.108 [main] DEBUG org.apache.ibatis.io.ResolverUtil - Reader entry: ����&amp;#0;&amp;#0;&amp;#0;4&amp;#0;&apos;&amp;#7;&amp;#0;$&amp;#7;&amp;#0;%&amp;#7;&amp;#0;&amp;&amp;#1;&amp;#0;&amp;#4;page&amp;#1;&amp;#0;F(Lcom/sy/viewmodel/admin/exam/ExamPaperPageRequestVM;)Ljava/util/List;&amp;#1;&amp;#0;	Signature&amp;#1;&amp;#0;a(Lcom/sy/viewmodel/admin/exam/ExamPaperPageRequestVM;)Ljava/util/List&lt;Lcom/sy/entity/ExamPaper;&gt;;&amp;#1;&amp;#0;&amp;#12;taskExamPage&amp;#1;&amp;#0;&amp;#11;studentPage&amp;#1;&amp;#0;A(Lcom/sy/viewmodel/student/exam/ExamPaperPageVM;)Ljava/util/List;&amp;#1;&amp;#0;\(Lcom/sy/viewmodel/student/exam/ExamPaperPageVM;)Ljava/util/List&lt;Lcom/sy/entity/ExamPaper;&gt;;&amp;#1;&amp;#0;
14:57:06.109 [main] DEBUG org.apache.ibatis.io.ResolverUtil - Find JAR URL: file:/Users/chris/Documents/project/javaEE_SSM/target/classes/com/sy/dao/ExamPaperMapper.xml
14:57:06.109 [main] DEBUG org.apache.ibatis.io.ResolverUtil - Not a JAR: file:/Users/chris/Documents/project/javaEE_SSM/target/classes/com/sy/dao/ExamPaperMapper.xml
14:57:06.110 [main] DEBUG org.apache.ibatis.io.ResolverUtil - Reader entry: &lt;?xml version=&quot;1.0&quot; encoding=&quot;UTF-8&quot;?&gt;
14:57:06.110 [main] DEBUG org.apache.ibatis.io.ResolverUtil - Find JAR URL: file:/Users/chris/Documents/project/javaEE_SSM/target/classes/com/sy/dao/ExamPaperQuestionCustomerAnswerMapper.class
14:57:06.110 [main] DEBUG org.apache.ibatis.io.ResolverUtil - Not a JAR: file:/Users/chris/Documents/project/javaEE_SSM/target/classes/com/sy/dao/ExamPaperQuestionCustomerAnswerMapper.class
14:57:06.111 [main] DEBUG org.apache.ibatis.io.ResolverUtil - Reader entry: ����&amp;#0;&amp;#0;&amp;#0;4&amp;#0; &amp;#7;&amp;#0;&amp;#29;&amp;#7;&amp;#0;&amp;#30;&amp;#7;&amp;#0;&amp;#31;&amp;#1;&amp;#0;&amp;#25;selectListByPaperAnswerId&amp;#1;&amp;#0;%(Ljava/lang/Integer;)Ljava/util/List;&amp;#1;&amp;#0;	Signature&amp;#1;&amp;#0;V(Ljava/lang/Integer;)Ljava/util/List&lt;Lcom/sy/entity/ExamPaperQuestionCustomerAnswer;&gt;;&amp;#1;&amp;#0;&amp;#11;studentPage&amp;#1;&amp;#0;Y(Lcom/sy/viewmodel/student/question/answer/QuestionPageStudentRequestVM;)Ljava/util/List;&amp;#1;&amp;#0;�(Lcom/sy/viewmodel/student/question/answer/QuestionPageStudentRequestVM;)Ljava/util/List&lt;Lcom/sy/entity/ExamPaperQuestionCustomerAnswer;&gt;;&amp;#1;&amp;#0;
14:57:06.112 [main] DEBUG org.apache.ibatis.io.ResolverUtil - Find JAR URL: file:/Users/chris/Documents/project/javaEE_SSM/target/classes/com/sy/dao/ExamPaperQuestionCustomerAnswerMapper.xml
14:57:06.112 [main] DEBUG org.apache.ibatis.io.ResolverUtil - Not a JAR: file:/Users/chris/Documents/project/javaEE_SSM/target/classes/com/sy/dao/ExamPaperQuestionCustomerAnswerMapper.xml
14:57:06.112 [main] DEBUG org.apache.ibatis.io.ResolverUtil - Reader entry: &lt;?xml version=&quot;1.0&quot; encoding=&quot;UTF-8&quot;?&gt;
14:57:06.113 [main] DEBUG org.apache.ibatis.io.ResolverUtil - Find JAR URL: file:/Users/chris/Documents/project/javaEE_SSM/target/classes/com/sy/dao/FileMapper.class
14:57:06.113 [main] DEBUG org.apache.ibatis.io.ResolverUtil - Not a JAR: file:/Users/chris/Documents/project/javaEE_SSM/target/classes/com/sy/dao/FileMapper.class
14:57:06.113 [main] DEBUG org.apache.ibatis.io.ResolverUtil - Reader entry: ����&amp;#0;&amp;#0;&amp;#0;4&amp;#0;&amp;#17;&amp;#7;&amp;#0;&amp;#14;&amp;#7;&amp;#0;&amp;#15;&amp;#7;&amp;#0;&amp;#16;&amp;#1;&amp;#0;&amp;#4;page&amp;#1;&amp;#0;A(Lcom/sy/viewmodel/admin/file/FilePageRequestVM;)Ljava/util/List;&amp;#1;&amp;#0;	Signature&amp;#1;&amp;#0;](Lcom/sy/viewmodel/admin/file/FilePageRequestVM;)Ljava/util/List&lt;Lcom/sy/entity/FileEntity;&gt;;&amp;#1;&amp;#0;&amp;#16;selectByFilename&amp;#1;&amp;#0;$(Ljava/lang/String;)Ljava/util/List;&amp;#1;&amp;#0;D(Ljava/lang/String;)Ljava/util/List&lt;Lcom/sy/entity/other/KeyValue;&gt;;&amp;#1;&amp;#0;ELjava/lang/Object;Lcom/sy/dao/BaseMapper&lt;Lcom/sy/entity/FileEntity;&gt;;&amp;#1;&amp;#0;
14:57:06.114 [main] DEBUG org.apache.ibatis.io.ResolverUtil - Find JAR URL: file:/Users/chris/Documents/project/javaEE_SSM/target/classes/com/sy/dao/FileMapper.xml
14:57:06.114 [main] DEBUG org.apache.ibatis.io.ResolverUtil - Not a JAR: file:/Users/chris/Documents/project/javaEE_SSM/target/classes/com/sy/dao/FileMapper.xml
14:57:06.114 [main] DEBUG org.apache.ibatis.io.ResolverUtil - Reader entry: &lt;?xml version=&quot;1.0&quot; encoding=&quot;UTF-8&quot;?&gt;
14:57:06.114 [main] DEBUG org.apache.ibatis.io.ResolverUtil - Find JAR URL: file:/Users/chris/Documents/project/javaEE_SSM/target/classes/com/sy/dao/MessageMapper.class
14:57:06.115 [main] DEBUG org.apache.ibatis.io.ResolverUtil - Not a JAR: file:/Users/chris/Documents/project/javaEE_SSM/target/classes/com/sy/dao/MessageMapper.class
14:57:06.115 [main] DEBUG org.apache.ibatis.io.ResolverUtil - Reader entry: ����&amp;#0;&amp;#0;&amp;#0;4&amp;#0;&amp;#19;&amp;#7;&amp;#0;&amp;#16;&amp;#7;&amp;#0;&amp;#17;&amp;#7;&amp;#0;&amp;#18;&amp;#1;&amp;#0;&amp;#4;page&amp;#1;&amp;#0;G(Lcom/sy/viewmodel/admin/message/MessagePageRequestVM;)Ljava/util/List;&amp;#1;&amp;#0;	Signature&amp;#1;&amp;#0;`(Lcom/sy/viewmodel/admin/message/MessagePageRequestVM;)Ljava/util/List&lt;Lcom/sy/entity/Message;&gt;;&amp;#1;&amp;#0;&amp;#11;selectByIds&amp;#1;&amp;#0;&quot;(Ljava/util/List;)Ljava/util/List;&amp;#1;&amp;#0;P(Ljava/util/List&lt;Ljava/lang/Integer;&gt;;)Ljava/util/List&lt;Lcom/sy/entity/Message;&gt;;&amp;#1;&amp;#0;&amp;#7;readAdd&amp;#1;&amp;#0;&amp;#22;(Ljava/lang/Integer;)I&amp;#1;&amp;#0;BLjava/lang/Object;Lcom/sy/dao/BaseMapper&lt;Lcom/sy/entity/Message;&gt;;&amp;#1;&amp;#0;
14:57:06.116 [main] DEBUG org.apache.ibatis.io.ResolverUtil - Find JAR URL: file:/Users/chris/Documents/project/javaEE_SSM/target/classes/com/sy/dao/MessageMapper.xml
14:57:06.116 [main] DEBUG org.apache.ibatis.io.ResolverUtil - Not a JAR: file:/Users/chris/Documents/project/javaEE_SSM/target/classes/com/sy/dao/MessageMapper.xml
14:57:06.116 [main] DEBUG org.apache.ibatis.io.ResolverUtil - Reader entry: &lt;?xml version=&quot;1.0&quot; encoding=&quot;UTF-8&quot;?&gt;
14:57:06.116 [main] DEBUG org.apache.ibatis.io.ResolverUtil - Find JAR URL: file:/Users/chris/Documents/project/javaEE_SSM/target/classes/com/sy/dao/MessageUserMapper.class
14:57:06.116 [main] DEBUG org.apache.ibatis.io.ResolverUtil - Not a JAR: file:/Users/chris/Documents/project/javaEE_SSM/target/classes/com/sy/dao/MessageUserMapper.class
14:57:06.117 [main] DEBUG org.apache.ibatis.io.ResolverUtil - Reader entry: ����&amp;#0;&amp;#0;&amp;#0;4&amp;#0;&amp;#22;&amp;#7;&amp;#0;&amp;#19;&amp;#7;&amp;#0;&amp;#20;&amp;#7;&amp;#0;&amp;#21;&amp;#1;&amp;#0;&amp;#18;selectByMessageIds&amp;#1;&amp;#0;&quot;(Ljava/util/List;)Ljava/util/List;&amp;#1;&amp;#0;	Signature&amp;#1;&amp;#0;T(Ljava/util/List&lt;Ljava/lang/Integer;&gt;;)Ljava/util/List&lt;Lcom/sy/entity/MessageUser;&gt;;&amp;#1;&amp;#0;&amp;#7;inserts&amp;#1;&amp;#0;&amp;#19;(Ljava/util/List;)I&amp;#1;&amp;#0;0(Ljava/util/List&lt;Lcom/sy/entity/MessageUser;&gt;;)I&amp;#1;&amp;#0;&amp;#11;studentPage&amp;#1;&amp;#0;B(Lcom/sy/viewmodel/student/user/MessageRequestVM;)Ljava/util/List;&amp;#1;&amp;#0;_(Lcom/sy/viewmodel/student/user/MessageRequestVM;)Ljava/util/List&lt;Lcom/sy/entity/MessageUser;&gt;;&amp;#1;&amp;#0;&amp;#11;unReadCount&amp;#1;&amp;#0;((Ljava/lang/Integer;)Ljava/lang/Integer;&amp;#1;&amp;#0;FLjava/lang/Object;Lcom/sy/dao/BaseMapper&lt;Lcom/sy/entity/MessageUser;&gt;;&amp;#1;&amp;#0;
14:57:06.117 [main] DEBUG org.apache.ibatis.io.ResolverUtil - Find JAR URL: file:/Users/chris/Documents/project/javaEE_SSM/target/classes/com/sy/dao/MessageUserMapper.xml
14:57:06.117 [main] DEBUG org.apache.ibatis.io.ResolverUtil - Not a JAR: file:/Users/chris/Documents/project/javaEE_SSM/target/classes/com/sy/dao/MessageUserMapper.xml
14:57:06.118 [main] DEBUG org.apache.ibatis.io.ResolverUtil - Reader entry: &lt;?xml version=&quot;1.0&quot; encoding=&quot;UTF-8&quot;?&gt;
14:57:06.118 [main] DEBUG org.apache.ibatis.io.ResolverUtil - Find JAR URL: file:/Users/chris/Documents/project/javaEE_SSM/target/classes/com/sy/dao/OrganizationMapper.xml
14:57:06.118 [main] DEBUG org.apache.ibatis.io.ResolverUtil - Not a JAR: file:/Users/chris/Documents/project/javaEE_SSM/target/classes/com/sy/dao/OrganizationMapper.xml
14:57:06.118 [main] DEBUG org.apache.ibatis.io.ResolverUtil - Reader entry: &lt;?xml version=&quot;1.0&quot; encoding=&quot;UTF-8&quot; ?&gt;
14:57:06.119 [main] DEBUG org.apache.ibatis.io.ResolverUtil - Find JAR URL: file:/Users/chris/Documents/project/javaEE_SSM/target/classes/com/sy/dao/QuestionMapper.class
14:57:06.119 [main] DEBUG org.apache.ibatis.io.ResolverUtil - Not a JAR: file:/Users/chris/Documents/project/javaEE_SSM/target/classes/com/sy/dao/QuestionMapper.class
14:57:06.119 [main] DEBUG org.apache.ibatis.io.ResolverUtil - Reader entry: ����&amp;#0;&amp;#0;&amp;#0;4&amp;#0;&amp;#28;&amp;#7;&amp;#0;&amp;#25;&amp;#7;&amp;#0;&amp;#26;&amp;#7;&amp;#0;&amp;#27;&amp;#1;&amp;#0;&amp;#4;page&amp;#1;&amp;#0;I(Lcom/sy/viewmodel/admin/question/QuestionPageRequestVM;)Ljava/util/List;&amp;#1;&amp;#0;	Signature&amp;#1;&amp;#0;c(Lcom/sy/viewmodel/admin/question/QuestionPageRequestVM;)Ljava/util/List&lt;Lcom/sy/entity/Question;&gt;;&amp;#1;&amp;#0;&amp;#11;selectByIds&amp;#1;&amp;#0;&quot;(Ljava/util/List;)Ljava/util/List;&amp;#1;&amp;#0;Q(Ljava/util/List&lt;Ljava/lang/Integer;&gt;;)Ljava/util/List&lt;Lcom/sy/entity/Question;&gt;;&amp;#1;&amp;#0;&quot;RuntimeVisibleParameterAnnotations&amp;#1;&amp;#0;%Lorg/apache/ibatis/annotations/Param;&amp;#1;&amp;#0;&amp;#5;value&amp;#1;&amp;#0;&amp;#3;ids&amp;#1;&amp;#0;&amp;#14;selectAllCount&amp;#1;&amp;#0;&amp;#21;()Ljava/lang/Integer;&amp;#1;&amp;#0;&amp;#17;selectCountByDate&amp;#1;&amp;#0;2(Ljava/util/Date;Ljava/util/Date;)Ljava/util/List;&amp;#1;&amp;#0;R(Ljava/util/Date;Ljava/util/Date;)Ljava/util/List&lt;Lcom/sy/entity/other/KeyValue;&gt;;&amp;#1;&amp;#0;	startTime&amp;#1;&amp;#0;&amp;#7;endTime&amp;#1;&amp;#0;CLjava/lang/Object;Lcom/sy/dao/BaseMapper&lt;Lcom/sy/entity/Question;&gt;;&amp;#1;&amp;#0;
14:57:06.120 [main] DEBUG org.apache.ibatis.io.ResolverUtil - Find JAR URL: file:/Users/chris/Documents/project/javaEE_SSM/target/classes/com/sy/dao/QuestionMapper.xml
14:57:06.120 [main] DEBUG org.apache.ibatis.io.ResolverUtil - Not a JAR: file:/Users/chris/Documents/project/javaEE_SSM/target/classes/com/sy/dao/QuestionMapper.xml
14:57:06.120 [main] DEBUG org.apache.ibatis.io.ResolverUtil - Reader entry: &lt;?xml version=&quot;1.0&quot; encoding=&quot;UTF-8&quot;?&gt;
14:57:06.120 [main] DEBUG org.apache.ibatis.io.ResolverUtil - Find JAR URL: file:/Users/chris/Documents/project/javaEE_SSM/target/classes/com/sy/dao/StudentMapper.class
14:57:06.120 [main] DEBUG org.apache.ibatis.io.ResolverUtil - Not a JAR: file:/Users/chris/Documents/project/javaEE_SSM/target/classes/com/sy/dao/StudentMapper.class
14:57:06.121 [main] DEBUG org.apache.ibatis.io.ResolverUtil - Reader entry: ����&amp;#0;&amp;#0;&amp;#0;4&amp;#0;&quot;&amp;#7;&amp;#0; &amp;#7;&amp;#0;!&amp;#1;&amp;#0;
14:57:06.121 [main] DEBUG org.apache.ibatis.io.ResolverUtil - Find JAR URL: file:/Users/chris/Documents/project/javaEE_SSM/target/classes/com/sy/dao/StudentMapper.xml
14:57:06.121 [main] DEBUG org.apache.ibatis.io.ResolverUtil - Not a JAR: file:/Users/chris/Documents/project/javaEE_SSM/target/classes/com/sy/dao/StudentMapper.xml
14:57:06.121 [main] DEBUG org.apache.ibatis.io.ResolverUtil - Reader entry: &lt;?xml version=&quot;1.0&quot; encoding=&quot;UTF-8&quot; ?&gt;
14:57:06.122 [main] DEBUG org.apache.ibatis.io.ResolverUtil - Find JAR URL: file:/Users/chris/Documents/project/javaEE_SSM/target/classes/com/sy/dao/SubjectMapper.class
14:57:06.122 [main] DEBUG org.apache.ibatis.io.ResolverUtil - Not a JAR: file:/Users/chris/Documents/project/javaEE_SSM/target/classes/com/sy/dao/SubjectMapper.class
14:57:06.122 [main] DEBUG org.apache.ibatis.io.ResolverUtil - Reader entry: ����&amp;#0;&amp;#0;&amp;#0;4&amp;#0;&amp;#20;&amp;#7;&amp;#0;&amp;#17;&amp;#7;&amp;#0;&amp;#18;&amp;#7;&amp;#0;&amp;#19;&amp;#1;&amp;#0;&amp;#17;getSubjectByLevel&amp;#1;&amp;#0;%(Ljava/lang/Integer;)Ljava/util/List;&amp;#1;&amp;#0;	Signature&amp;#1;&amp;#0;&gt;(Ljava/lang/Integer;)Ljava/util/List&lt;Lcom/sy/entity/Subject;&gt;;&amp;#1;&amp;#0;
14:57:06.122 [main] DEBUG org.apache.ibatis.io.ResolverUtil - Find JAR URL: file:/Users/chris/Documents/project/javaEE_SSM/target/classes/com/sy/dao/SubjectMapper.xml
14:57:06.122 [main] DEBUG org.apache.ibatis.io.ResolverUtil - Not a JAR: file:/Users/chris/Documents/project/javaEE_SSM/target/classes/com/sy/dao/SubjectMapper.xml
14:57:06.122 [main] DEBUG org.apache.ibatis.io.ResolverUtil - Reader entry: &lt;?xml version=&quot;1.0&quot; encoding=&quot;UTF-8&quot;?&gt;
14:57:06.123 [main] DEBUG org.apache.ibatis.io.ResolverUtil - Find JAR URL: file:/Users/chris/Documents/project/javaEE_SSM/target/classes/com/sy/dao/TaskExamCustomerAnswerMapper.class
14:57:06.123 [main] DEBUG org.apache.ibatis.io.ResolverUtil - Not a JAR: file:/Users/chris/Documents/project/javaEE_SSM/target/classes/com/sy/dao/TaskExamCustomerAnswerMapper.class
14:57:06.123 [main] DEBUG org.apache.ibatis.io.ResolverUtil - Reader entry: ����&amp;#0;&amp;#0;&amp;#0;4&amp;#0;&amp;#22;&amp;#7;&amp;#0;&amp;#19;&amp;#7;&amp;#0;&amp;#20;&amp;#7;&amp;#0;&amp;#21;&amp;#1;&amp;#0;	getByTUid&amp;#1;&amp;#0;N(Ljava/lang/Integer;Ljava/lang/Integer;)Lcom/sy/entity/TaskExamCustomerAnswer;&amp;#1;&amp;#0;&quot;RuntimeVisibleParameterAnnotations&amp;#1;&amp;#0;%Lorg/apache/ibatis/annotations/Param;&amp;#1;&amp;#0;&amp;#5;value&amp;#1;&amp;#0;&amp;#3;tid&amp;#1;&amp;#0;&amp;#3;uid&amp;#1;&amp;#0;&amp;#12;selectByTUid&amp;#1;&amp;#0;5(Ljava/util/List;Ljava/lang/Integer;)Ljava/util/List;&amp;#1;&amp;#0;	Signature&amp;#1;&amp;#0;r(Ljava/util/List&lt;Ljava/lang/Integer;&gt;;Ljava/lang/Integer;)Ljava/util/List&lt;Lcom/sy/entity/TaskExamCustomerAnswer;&gt;;&amp;#1;&amp;#0;&amp;#7;taskIds&amp;#1;&amp;#0;QLjava/lang/Object;Lcom/sy/dao/BaseMapper&lt;Lcom/sy/entity/TaskExamCustomerAnswer;&gt;;&amp;#1;&amp;#0;
14:57:06.124 [main] DEBUG org.apache.ibatis.io.ResolverUtil - Find JAR URL: file:/Users/chris/Documents/project/javaEE_SSM/target/classes/com/sy/dao/TaskExamCustomerAnswerMapper.xml
14:57:06.124 [main] DEBUG org.apache.ibatis.io.ResolverUtil - Not a JAR: file:/Users/chris/Documents/project/javaEE_SSM/target/classes/com/sy/dao/TaskExamCustomerAnswerMapper.xml
14:57:06.124 [main] DEBUG org.apache.ibatis.io.ResolverUtil - Reader entry: &lt;?xml version=&quot;1.0&quot; encoding=&quot;UTF-8&quot;?&gt;
14:57:06.124 [main] DEBUG org.apache.ibatis.io.ResolverUtil - Find JAR URL: file:/Users/chris/Documents/project/javaEE_SSM/target/classes/com/sy/dao/TaskExamMapper.class
14:57:06.124 [main] DEBUG org.apache.ibatis.io.ResolverUtil - Not a JAR: file:/Users/chris/Documents/project/javaEE_SSM/target/classes/com/sy/dao/TaskExamMapper.class
14:57:06.125 [main] DEBUG org.apache.ibatis.io.ResolverUtil - Reader entry: ����&amp;#0;&amp;#0;&amp;#0;4&amp;#0;&amp;#17;&amp;#7;&amp;#0;&amp;#14;&amp;#7;&amp;#0;&amp;#15;&amp;#7;&amp;#0;&amp;#16;&amp;#1;&amp;#0;&amp;#4;page&amp;#1;&amp;#0;A(Lcom/sy/viewmodel/admin/task/TaskPageRequestVM;)Ljava/util/List;&amp;#1;&amp;#0;	Signature&amp;#1;&amp;#0;[(Lcom/sy/viewmodel/admin/task/TaskPageRequestVM;)Ljava/util/List&lt;Lcom/sy/entity/TaskExam;&gt;;&amp;#1;&amp;#0;&amp;#15;getByGradeLevel&amp;#1;&amp;#0;%(Ljava/lang/Integer;)Ljava/util/List;&amp;#1;&amp;#0;?(Ljava/lang/Integer;)Ljava/util/List&lt;Lcom/sy/entity/TaskExam;&gt;;&amp;#1;&amp;#0;CLjava/lang/Object;Lcom/sy/dao/BaseMapper&lt;Lcom/sy/entity/TaskExam;&gt;;&amp;#1;&amp;#0;
14:57:06.125 [main] DEBUG org.apache.ibatis.io.ResolverUtil - Find JAR URL: file:/Users/chris/Documents/project/javaEE_SSM/target/classes/com/sy/dao/TaskExamMapper.xml
14:57:06.125 [main] DEBUG org.apache.ibatis.io.ResolverUtil - Not a JAR: file:/Users/chris/Documents/project/javaEE_SSM/target/classes/com/sy/dao/TaskExamMapper.xml
14:57:06.125 [main] DEBUG org.apache.ibatis.io.ResolverUtil - Reader entry: &lt;?xml version=&quot;1.0&quot; encoding=&quot;UTF-8&quot;?&gt;
14:57:06.126 [main] DEBUG org.apache.ibatis.io.ResolverUtil - Find JAR URL: file:/Users/chris/Documents/project/javaEE_SSM/target/classes/com/sy/dao/TeacherDao.xml
14:57:06.126 [main] DEBUG org.apache.ibatis.io.ResolverUtil - Not a JAR: file:/Users/chris/Documents/project/javaEE_SSM/target/classes/com/sy/dao/TeacherDao.xml
14:57:06.126 [main] DEBUG org.apache.ibatis.io.ResolverUtil - Reader entry: &lt;!--
14:57:06.126 [main] DEBUG org.apache.ibatis.io.ResolverUtil - Find JAR URL: file:/Users/chris/Documents/project/javaEE_SSM/target/classes/com/sy/dao/TeacherMapper.xml
14:57:06.126 [main] DEBUG org.apache.ibatis.io.ResolverUtil - Not a JAR: file:/Users/chris/Documents/project/javaEE_SSM/target/classes/com/sy/dao/TeacherMapper.xml
14:57:06.126 [main] DEBUG org.apache.ibatis.io.ResolverUtil - Reader entry: &lt;!--
14:57:06.127 [main] DEBUG org.apache.ibatis.io.ResolverUtil - Find JAR URL: file:/Users/chris/Documents/project/javaEE_SSM/target/classes/com/sy/dao/TextContentMapper.class
14:57:06.127 [main] DEBUG org.apache.ibatis.io.ResolverUtil - Not a JAR: file:/Users/chris/Documents/project/javaEE_SSM/target/classes/com/sy/dao/TextContentMapper.class
14:57:06.127 [main] DEBUG org.apache.ibatis.io.ResolverUtil - Reader entry: ����&amp;#0;&amp;#0;&amp;#0;4&amp;#0;&amp;#11;&amp;#7;&amp;#0;&amp;#8;&amp;#7;&amp;#0;	&amp;#7;&amp;#0;
14:57:06.127 [main] DEBUG org.apache.ibatis.io.ResolverUtil - Find JAR URL: file:/Users/chris/Documents/project/javaEE_SSM/target/classes/com/sy/dao/TextContentMapper.xml
14:57:06.127 [main] DEBUG org.apache.ibatis.io.ResolverUtil - Not a JAR: file:/Users/chris/Documents/project/javaEE_SSM/target/classes/com/sy/dao/TextContentMapper.xml
14:57:06.127 [main] DEBUG org.apache.ibatis.io.ResolverUtil - Reader entry: &lt;?xml version=&quot;1.0&quot; encoding=&quot;UTF-8&quot;?&gt;
14:57:06.127 [main] DEBUG org.apache.ibatis.io.ResolverUtil - Find JAR URL: file:/Users/chris/Documents/project/javaEE_SSM/target/classes/com/sy/dao/UserEventLogMapper.class
14:57:06.128 [main] DEBUG org.apache.ibatis.io.ResolverUtil - Not a JAR: file:/Users/chris/Documents/project/javaEE_SSM/target/classes/com/sy/dao/UserEventLogMapper.class
14:57:06.128 [main] DEBUG org.apache.ibatis.io.ResolverUtil - Reader entry: ����&amp;#0;&amp;#0;&amp;#0;4&amp;#0;&amp;#25;&amp;#7;&amp;#0;&amp;#22;&amp;#7;&amp;#0;&amp;#23;&amp;#7;&amp;#0;&amp;#24;&amp;#1;&amp;#0;&amp;#23;getUserEventLogByUserId&amp;#1;&amp;#0;%(Ljava/lang/Integer;)Ljava/util/List;&amp;#1;&amp;#0;	Signature&amp;#1;&amp;#0;C(Ljava/lang/Integer;)Ljava/util/List&lt;Lcom/sy/entity/UserEventLog;&gt;;&amp;#1;&amp;#0;&amp;#4;page&amp;#1;&amp;#0;F(Lcom/sy/viewmodel/admin/user/UserEventPageRequestVM;)Ljava/util/List;&amp;#1;&amp;#0;d(Lcom/sy/viewmodel/admin/user/UserEventPageRequestVM;)Ljava/util/List&lt;Lcom/sy/entity/UserEventLog;&gt;;&amp;#1;&amp;#0;&amp;#17;selectCountByDate&amp;#1;&amp;#0;2(Ljava/util/Date;Ljava/util/Date;)Ljava/util/List;&amp;#1;&amp;#0;R(Ljava/util/Date;Ljava/util/Date;)Ljava/util/List&lt;Lcom/sy/entity/other/KeyValue;&gt;;&amp;#1;&amp;#0;&quot;RuntimeVisibleParameterAnnotations&amp;#1;&amp;#0;%Lorg/apache/ibatis/annotations/Param;&amp;#1;&amp;#0;&amp;#5;value&amp;#1;&amp;#0;	startTime&amp;#1;&amp;#0;&amp;#7;endTime&amp;#1;&amp;#0;GLjava/lang/Object;Lcom/sy/dao/BaseMapper&lt;Lcom/sy/entity/UserEventLog;&gt;;&amp;#1;&amp;#0;
14:57:06.129 [main] DEBUG org.apache.ibatis.io.ResolverUtil - Find JAR URL: file:/Users/chris/Documents/project/javaEE_SSM/target/classes/com/sy/dao/UserEventLogMapper.xml
14:57:06.129 [main] DEBUG org.apache.ibatis.io.ResolverUtil - Not a JAR: file:/Users/chris/Documents/project/javaEE_SSM/target/classes/com/sy/dao/UserEventLogMapper.xml
14:57:06.129 [main] DEBUG org.apache.ibatis.io.ResolverUtil - Reader entry: &lt;?xml version=&quot;1.0&quot; encoding=&quot;UTF-8&quot;?&gt;
14:57:06.130 [main] DEBUG org.apache.ibatis.io.ResolverUtil - Find JAR URL: file:/Users/chris/Documents/project/javaEE_SSM/target/classes/com/sy/dao/UserMapper.class
14:57:06.130 [main] DEBUG org.apache.ibatis.io.ResolverUtil - Not a JAR: file:/Users/chris/Documents/project/javaEE_SSM/target/classes/com/sy/dao/UserMapper.class
14:57:06.130 [main] DEBUG org.apache.ibatis.io.ResolverUtil - Reader entry: ����&amp;#0;&amp;#0;&amp;#0;4&amp;#0;9&amp;#7;&amp;#0;6&amp;#7;&amp;#0;7&amp;#7;&amp;#0;8&amp;#1;&amp;#0;
14:57:06.130 [main] DEBUG org.apache.ibatis.io.ResolverUtil - Find JAR URL: file:/Users/chris/Documents/project/javaEE_SSM/target/classes/com/sy/dao/UserMapper.xml
14:57:06.131 [main] DEBUG org.apache.ibatis.io.ResolverUtil - Not a JAR: file:/Users/chris/Documents/project/javaEE_SSM/target/classes/com/sy/dao/UserMapper.xml
14:57:06.131 [main] DEBUG org.apache.ibatis.io.ResolverUtil - Reader entry: &lt;?xml version=&quot;1.0&quot; encoding=&quot;UTF-8&quot;?&gt;
14:57:06.131 [main] DEBUG org.apache.ibatis.io.ResolverUtil - Find JAR URL: file:/Users/chris/Documents/project/javaEE_SSM/target/classes/com/sy/dao/UserTokenMapper.class
14:57:06.131 [main] DEBUG org.apache.ibatis.io.ResolverUtil - Not a JAR: file:/Users/chris/Documents/project/javaEE_SSM/target/classes/com/sy/dao/UserTokenMapper.class
14:57:06.132 [main] DEBUG org.apache.ibatis.io.ResolverUtil - Reader entry: ����&amp;#0;&amp;#0;&amp;#0;4&amp;#0;
14:57:06.132 [main] DEBUG org.apache.ibatis.io.ResolverUtil - Find JAR URL: file:/Users/chris/Documents/project/javaEE_SSM/target/classes/com/sy/dao/UserTokenMapper.xml
14:57:06.132 [main] DEBUG org.apache.ibatis.io.ResolverUtil - Not a JAR: file:/Users/chris/Documents/project/javaEE_SSM/target/classes/com/sy/dao/UserTokenMapper.xml
14:57:06.132 [main] DEBUG org.apache.ibatis.io.ResolverUtil - Reader entry: &lt;?xml version=&quot;1.0&quot; encoding=&quot;UTF-8&quot;?&gt;
14:57:06.134 [main] DEBUG org.apache.ibatis.io.ResolverUtil - Checking to see if class com.sy.dao.AdminMapper matches criteria [is assignable to Object]
14:57:06.135 [main] DEBUG org.apache.ibatis.io.ResolverUtil - Checking to see if class com.sy.dao.BaseMapper matches criteria [is assignable to Object]
14:57:06.135 [main] DEBUG org.apache.ibatis.io.ResolverUtil - Checking to see if class com.sy.dao.ExamPaperAnswerMapper matches criteria [is assignable to Object]
14:57:06.136 [main] DEBUG org.apache.ibatis.io.ResolverUtil - Checking to see if class com.sy.dao.ExamPaperMapper matches criteria [is assignable to Object]
14:57:06.136 [main] DEBUG org.apache.ibatis.io.ResolverUtil - Checking to see if class com.sy.dao.ExamPaperQuestionCustomerAnswerMapper matches criteria [is assignable to Object]
14:57:06.136 [main] DEBUG org.apache.ibatis.io.ResolverUtil - Checking to see if class com.sy.dao.FileMapper matches criteria [is assignable to Object]
14:57:06.136 [main] DEBUG org.apache.ibatis.io.ResolverUtil - Checking to see if class com.sy.dao.MessageMapper matches criteria [is assignable to Object]
14:57:06.137 [main] DEBUG org.apache.ibatis.io.ResolverUtil - Checking to see if class com.sy.dao.MessageUserMapper matches criteria [is assignable to Object]
14:57:06.137 [main] DEBUG org.apache.ibatis.io.ResolverUtil - Checking to see if class com.sy.dao.QuestionMapper matches criteria [is assignable to Object]
14:57:06.137 [main] DEBUG org.apache.ibatis.io.ResolverUtil - Checking to see if class com.sy.dao.StudentMapper matches criteria [is assignable to Object]
14:57:06.138 [main] DEBUG org.apache.ibatis.io.ResolverUtil - Checking to see if class com.sy.dao.SubjectMapper matches criteria [is assignable to Object]
14:57:06.138 [main] DEBUG org.apache.ibatis.io.ResolverUtil - Checking to see if class com.sy.dao.TaskExamCustomerAnswerMapper matches criteria [is assignable to Object]
14:57:06.139 [main] DEBUG org.apache.ibatis.io.ResolverUtil - Checking to see if class com.sy.dao.TaskExamMapper matches criteria [is assignable to Object]
14:57:06.139 [main] DEBUG org.apache.ibatis.io.ResolverUtil - Checking to see if class com.sy.dao.TextContentMapper matches criteria [is assignable to Object]
14:57:06.139 [main] DEBUG org.apache.ibatis.io.ResolverUtil - Checking to see if class com.sy.dao.UserEventLogMapper matches criteria [is assignable to Object]
14:57:06.140 [main] DEBUG org.apache.ibatis.io.ResolverUtil - Checking to see if class com.sy.dao.UserMapper matches criteria [is assignable to Object]
14:57:06.140 [main] DEBUG org.apache.ibatis.io.ResolverUtil - Checking to see if class com.sy.dao.UserTokenMapper matches criteria [is assignable to Object]
14:57:06.545 [main] DEBUG o.a.i.t.jdbc.JdbcTransaction - Opening JDBC Connection
14:57:06.739 [main] DEBUG o.a.i.d.pooled.PooledDataSource - Created connection 1661081225.
14:57:06.739 [main] DEBUG o.a.i.t.jdbc.JdbcTransaction - Setting autocommit to false on JDBC Connection [com.mysql.jdbc.JDBC4Connection@63021689]
14:57:06.740 [main] DEBUG com.sy.dao.StudentMapper.addStudent - ==&gt;  Preparing: INSERT INTO student (s_name, s_nickname, s_pwd, s_email, s_create_date, s_update_date, s_birth) VALUES (?, ?, ?, ?, ?, ?, ?) 
14:57:06.763 [main] DEBUG com.sy.dao.StudentMapper.addStudent - ==&gt; Parameters: 1986985788aaa(String), 张三(String), 123456a(String), 1986985788@qq.com(String), 2022-06-01 14:57:06.534(Timestamp), 2022-06-01 14:57:06.534(Timestamp), 2022-06-01 14:57:06.534(Timestamp)
14:57:06.773 [main] DEBUG o.a.i.t.jdbc.JdbcTransaction - Committing JDBC Connection [com.mysql.jdbc.JDBC4Connection@63021689]
14:57:06.773 [main] DEBUG o.a.i.t.jdbc.JdbcTransaction - Resetting autocommit to true on JDBC Connection [com.mysql.jdbc.JDBC4Connection@63021689]
14:57:06.774 [main] DEBUG o.a.i.t.jdbc.JdbcTransaction - Closing JDBC Connection [com.mysql.jdbc.JDBC4Connection@63021689]
14:57:06.774 [main] DEBUG o.a.i.d.pooled.PooledDataSource - Returned connection 1661081225 to pool.
</system-out>
  </testcase>
  <testcase classname="top.liuweiqi.AppTest" name="test04" time="0.183"/>
</testsuite>